<?xml version="1.0" encoding="UTF-8"?>
<!-- Generated by org.testng.reporters.JUnitXMLReporter -->
<testsuite ignored="0" hostname="DESKTOP-EUEHJHR" failures="0" tests="4" name="Surefire test" time="47.483" errors="0" timestamp="2024-03-31T01:34:23 IST">
  <testcase classname="Selenium.ErrorValidationsTest" name="LoginErrorValidation" time="1.978"/>
  <testcase classname="Selenium.ErrorValidationsTest" name="ProductOrderValidation" time="15.079"/>
  <testcase classname="Selenium.SubmitOrderTest" name="submitOrder" time="4.7"/>
  <testcase classname="Selenium.SubmitOrderTest" name="orderHistoryTest" time="1.734"/>
</testsuite> <!-- Surefire test -->
