<?xml version="1.0" encoding="UTF-8"?>
<!-- Generated by org.testng.reporters.JUnitXMLReporter -->
<testsuite ignored="0" hostname="DESKTOP-EUEHJHR" failures="0" tests="2" name="Error Validations Test" time="42.242" errors="0" timestamp="2024-03-31T03:59:16 IST">
  <testcase classname="Selenium.ErrorValidationsTest" name="LoginErrorValidation" time="3.494"/>
  <testcase classname="Selenium.ErrorValidationsTest" name="ProductOrderValidation" time="14.539"/>
</testsuite> <!-- Error Validations Test -->
