<?xml version="1.0" encoding="UTF-8"?>
<testng-results ignored="0" total="4" passed="4" failed="0" skipped="0">
  <reporter-output>
  </reporter-output>
  <suite started-at="2024-03-31T03:58:34 IST" name="Suite" finished-at="2024-03-31T03:59:16 IST" duration-ms="42242">
    <groups>
    </groups>
    <test started-at="2024-03-31T03:58:34 IST" name="Submit Order Test" finished-at="2024-03-31T03:59:08 IST" duration-ms="33929">
      <class name="Selenium.SubmitOrderTest">
        <test-method is-config="true" signature="launchApplicaton()[pri:0, instance:Selenium.SubmitOrderTest@17bffc17]" started-at="2024-03-31T03:58:36 IST" name="launchApplicaton" finished-at="2024-03-31T03:58:48 IST" duration-ms="12644" status="PASS">
          <reporter-output>
          </reporter-output>
        </test-method> <!-- launchApplicaton -->
        <test-method signature="submitOrder(java.util.HashMap)[pri:0, instance:Selenium.SubmitOrderTest@17bffc17]" started-at="2024-03-31T03:58:48 IST" name="submitOrder" data-provider="getData" finished-at="2024-03-31T03:58:55 IST" duration-ms="6623" status="PASS">
          <params>
            <param index="0">
              <value>
                <![CDATA[{password=Abc@123456789, email=eshu@gmail.com, productName=ZARA COAT 3}]]>
              </value>
            </param>
          </params>
          <reporter-output>
          </reporter-output>
        </test-method> <!-- submitOrder -->
        <test-method is-config="true" signature="tearDown()[pri:0, instance:Selenium.SubmitOrderTest@17bffc17]" started-at="2024-03-31T03:58:55 IST" name="tearDown" finished-at="2024-03-31T03:58:55 IST" duration-ms="390" status="PASS">
          <reporter-output>
          </reporter-output>
        </test-method> <!-- tearDown -->
        <test-method is-config="true" signature="launchApplicaton()[pri:0, instance:Selenium.SubmitOrderTest@17bffc17]" started-at="2024-03-31T03:58:55 IST" name="launchApplicaton" finished-at="2024-03-31T03:59:04 IST" duration-ms="9216" status="PASS">
          <reporter-output>
          </reporter-output>
        </test-method> <!-- launchApplicaton -->
        <test-method signature="orderHistoryTest()[pri:0, instance:Selenium.SubmitOrderTest@17bffc17]" started-at="2024-03-31T03:59:04 IST" name="orderHistoryTest" finished-at="2024-03-31T03:59:07 IST" depends-on-methods="Selenium.SubmitOrderTest.submitOrder" duration-ms="2876" status="PASS">
          <reporter-output>
          </reporter-output>
        </test-method> <!-- orderHistoryTest -->
        <test-method is-config="true" signature="tearDown()[pri:0, instance:Selenium.SubmitOrderTest@17bffc17]" started-at="2024-03-31T03:59:07 IST" name="tearDown" finished-at="2024-03-31T03:59:08 IST" duration-ms="286" status="PASS">
          <reporter-output>
          </reporter-output>
        </test-method> <!-- tearDown -->
      </class> <!-- Selenium.SubmitOrderTest -->
    </test> <!-- Submit Order Test -->
    <test started-at="2024-03-31T03:58:34 IST" name="Error Validations Test" finished-at="2024-03-31T03:59:16 IST" duration-ms="42242">
      <class name="Selenium.ErrorValidationsTest">
        <test-method is-config="true" signature="launchApplicaton()[pri:0, instance:Selenium.ErrorValidationsTest@7a35b0f5]" started-at="2024-03-31T03:58:34 IST" name="launchApplicaton" finished-at="2024-03-31T03:58:49 IST" duration-ms="15421" status="PASS">
          <reporter-output>
          </reporter-output>
        </test-method> <!-- launchApplicaton -->
        <test-method signature="LoginErrorValidation()[pri:0, instance:Selenium.ErrorValidationsTest@7a35b0f5]" started-at="2024-03-31T03:58:49 IST" name="LoginErrorValidation" finished-at="2024-03-31T03:58:53 IST" duration-ms="3494" status="PASS">
          <reporter-output>
          </reporter-output>
        </test-method> <!-- LoginErrorValidation -->
        <test-method is-config="true" signature="tearDown()[pri:0, instance:Selenium.ErrorValidationsTest@7a35b0f5]" started-at="2024-03-31T03:58:53 IST" name="tearDown" finished-at="2024-03-31T03:58:53 IST" duration-ms="475" status="PASS">
          <reporter-output>
          </reporter-output>
        </test-method> <!-- tearDown -->
        <test-method is-config="true" signature="launchApplicaton()[pri:0, instance:Selenium.ErrorValidationsTest@7a35b0f5]" started-at="2024-03-31T03:58:53 IST" name="launchApplicaton" finished-at="2024-03-31T03:59:01 IST" duration-ms="7882" status="PASS">
          <reporter-output>
          </reporter-output>
        </test-method> <!-- launchApplicaton -->
        <test-method signature="ProductOrderValidation()[pri:0, instance:Selenium.ErrorValidationsTest@7a35b0f5]" started-at="2024-03-31T03:59:01 IST" name="ProductOrderValidation" finished-at="2024-03-31T03:59:16 IST" duration-ms="14539" status="PASS">
          <reporter-output>
          </reporter-output>
        </test-method> <!-- ProductOrderValidation -->
        <test-method is-config="true" signature="tearDown()[pri:0, instance:Selenium.ErrorValidationsTest@7a35b0f5]" started-at="2024-03-31T03:59:16 IST" name="tearDown" finished-at="2024-03-31T03:59:16 IST" duration-ms="228" status="PASS">
          <reporter-output>
          </reporter-output>
        </test-method> <!-- tearDown -->
      </class> <!-- Selenium.ErrorValidationsTest -->
    </test> <!-- Error Validations Test -->
  </suite> <!-- Suite -->
</testng-results>
